00:00:00.001398 main     VirtualBox COM Server 6.0.10 r132072 win.amd64 (Jul 12 2019 09:34:54) release log
00:00:00.001400 main     Log opened 2019-10-01T19:28:24.991690200Z
00:00:00.001400 main     Build Type: release
00:00:00.001413 main     OS Product: Windows 10
00:00:00.001413 main     OS Release: 10.0.18362
00:00:00.001414 main     OS Service Pack: 
00:00:00.016794 main     DMI Product Name: Z390 UD
00:00:00.024485 main     DMI Product Version: Default string
00:00:00.024491 main     Host RAM: 16317MB (15.9GB) total, 13714MB (13.3GB) available
00:00:00.024495 main     Executable: C:\Program Files\Oracle\VirtualBox\VBoxSVC.exe
00:00:00.024495 main     Process ID: 10124
00:00:00.024496 main     Package type: WINDOWS_64BITS_GENERIC
00:00:00.073151          VirtualBox: object creation starts
00:00:00.073333          Home directory: 'C:\Users\user\.VirtualBox'
00:00:00.073399          Installed Drivers:
00:00:00.076100            C:\WINDOWS\system32\DRIVERS\VBoxNetLwf.sys (Version: 6.0.10.32072)
00:00:00.076688            C:\WINDOWS\system32\DRIVERS\VBoxUSBMon.sys (Version: 6.0.10.32072)
00:00:00.077181            C:\WINDOWS\system32\DRIVERS\VBoxDrv.sys (Version: 6.0.10.32072)
00:00:00.077698            C:\WINDOWS\System32\drivers\VBoxNetAdp6.sys (Version: 6.0.10.32072)
00:00:00.083578          Loading settings file "C:\Users\user\.VirtualBox\VirtualBox.xml" with version "1.12-windows"
00:00:00.146682          USB: Unknown USB device detected (idVendor: 0x413d, idProduct: 0x2107)
00:00:00.205979          HostDnsMonitor::updateInfo
00:00:00.206027          HostDnsMonitor: old information
00:00:00.206028            no server entries
00:00:00.206028            no domain set
00:00:00.206028            no search string entries
00:00:00.206029          HostDnsMonitor: new information
00:00:00.206029            server 1: 192.168.1.1
00:00:00.206030            no domain set
00:00:00.206030            no search string entries
00:00:00.247513          VD: VDInit finished with VINF_SUCCESS
00:00:00.253328          Loading settings file "C:\Users\user\VirtualBox VMs\SEEDUbuntu\SEEDUbuntu.vbox" with version "1.16-windows"
00:00:00.257721          Loading settings file "C:\Users\user\VirtualBox VMs\kali\kali.vbox" with version "1.16-windows"
00:00:00.261255          Loading settings file "C:\Users\user\VirtualBox VMs\Windows\Windows.vbox" with version "1.15-windows"
00:00:00.261790          VirtualBox: object created
00:00:03.665458          Saving settings file "C:\Users\user\.VirtualBox\VirtualBox.xml" with version "1.12-windows"
00:00:03.676260          Saving settings file "C:\Users\user\.VirtualBox\VirtualBox.xml" with version "1.12-windows"
00:25:45.829863          Saving settings file "C:\Users\user\.VirtualBox\VirtualBox.xml" with version "1.12-windows"
00:25:45.839367          Saving settings file "C:\Users\user\.VirtualBox\VirtualBox.xml" with version "1.12-windows"
00:25:45.847226          Saving settings file "C:\Users\user\.VirtualBox\VirtualBox.xml" with version "1.12-windows"
00:25:51.360176 main     VirtualBox: object deletion starts
00:25:51.360242 main     ERROR [COM]: aRC=VBOX_E_OBJECT_IN_USE (0x80bb000c) aIID={ad47ad09-787b-44ab-b343-a082a3f2dfb1} aComponent={MediumWrap} aText={Medium 'C:\Users\user\Downloads\SEEDUbuntu-16.04-32bit\SEEDUbuntu-16.04-32bit\SEEDUbuntu-16.04-32bit.vmdk' cannot be closed because it is still attached to 1 virtual machines}, preserve=false aResultDetail=0
00:25:51.362111 main     ERROR [COM]: aRC=VBOX_E_OBJECT_IN_USE (0x80bb000c) aIID={ad47ad09-787b-44ab-b343-a082a3f2dfb1} aComponent={MediumWrap} aText={Medium 'C:\Users\user\Downloads\kali-linux-2019.3-vmware-amd64\Kali-Linux-2019.3-vmware-amd64\Kali-Linux-2019.3-vmware-amd64.vmdk' cannot be closed because it is still attached to 1 virtual machines}, preserve=false aResultDetail=0
00:25:51.364396 Watcher  ERROR [COM]: aRC=E_ACCESSDENIED (0x80070005) aIID={d0a0163f-e254-4e5b-a1f2-011cf991c38d} aComponent={VirtualBoxWrap} aText={The object is not ready}, preserve=false aResultDetail=0
00:25:51.364703 main     VirtualBox: object deleted
